TN:
SF:/Users/emilybertwistle/FAC/vending-machine/test.js
FN:13,(anonymous_1)
FN:19,(anonymous_2)
FN:25,(anonymous_3)
FN:31,(anonymous_4)
FNF:4
FNH:4
FNDA:1,(anonymous_1)
FNDA:1,(anonymous_2)
FNDA:1,(anonymous_3)
FNDA:1,(anonymous_4)
DA:4,1
DA:5,1
DA:7,1
DA:8,1
DA:9,1
DA:13,1
DA:14,1
DA:15,1
DA:16,1
DA:19,1
DA:20,1
DA:21,1
DA:22,1
DA:25,1
DA:26,1
DA:27,1
DA:28,1
DA:31,1
DA:32,1
DA:33,1
DA:34,1
DA:38,1
LF:22
LH:22
BRDA:4,1,0,1
BRDA:4,1,1,0
BRDA:4,2,0,1
BRDA:4,2,1,1
BRDA:38,3,0,1
BRDA:38,3,1,0
BRDA:38,4,0,1
BRDA:38,4,1,1
BRF:8
BRH:7
end_of_record
TN:
SF:/Users/emilybertwistle/FAC/vending-machine/change.js
FN:9,getChange
FNF:1
FNH:1
FNDA:4,getChange
DA:4,1
DA:5,1
DA:8,1
DA:9,1
DA:10,4
DA:11,4
DA:12,4
DA:14,4
DA:15,32
DA:17,32
DA:18,15
DA:20,15
DA:21,16
DA:22,16
DA:26,4
DA:27,0
DA:28,0
DA:29,0
DA:32,4
LF:19
LH:16
BRDA:4,1,0,1
BRDA:4,1,1,0
BRDA:4,2,0,1
BRDA:4,2,1,1
BRDA:17,3,0,15
BRDA:17,3,1,17
BRDA:26,4,0,0
BRDA:26,4,1,4
BRF:8
BRH:7
end_of_record
